running
first
first
first
first
first
first
first
first
first
first
first
first
first
first
first
first
first
Creating Version
first
first
first
first
first
first
first
first
first
first
first
first
first
first
first
first
first
first
first
first
first
first
first
first
first
first
first
first
first
first
first
first
first
first
first
first
first
first
first
first
first
first
first
first
Received SIGTERM
first,/home/rishab/projects/hive/temo/,/home/rishab/projects/hive/tp/,1,0
first
running
first
first
terminate called after throwing an instance of 'std::runtime_error'
  what():  Failed to initialize digest for file
